[19:55:24] Connected to server oppai.azure.lol:80 (azure)
[19:55:24] Bot nickname has changed to: Guest 9381 [guest]
[19:55:31] Bot nickname has changed to: Shivay Bot
[19:55:32] Joined room: lobby [chat]
[19:55:33] Joined room: marketplace [chat]
[19:55:34] Joined room: monotype [chat]
[19:55:34] Joined room: 1v1 [chat]
[19:55:35] Joined room: leaguecentral [chat]
[19:55:35] Joined room: casino [chat]
[19:55:36] Joined room: tournaments [chat]
[19:55:37] Joined room: help [chat]
[19:58:35] Connected to server oppai.azure.lol:80 (azure)
[19:58:35] Bot nickname has changed to: Guest 9382 [guest]
[19:58:43] Bot nickname has changed to: Shivay Bot
[19:58:45] Joined room: lobby [chat]
[19:58:45] Joined room: marketplace [chat]
[19:58:46] Joined room: monotype [chat]
[19:58:46] Joined room: 1v1 [chat]
[19:58:47] Joined room: leaguecentral [chat]
[19:58:48] Joined room: casino [chat]
[19:58:48] Joined room: tournaments [chat]
[19:58:49] Joined room: help [chat]
[19:58:49] Joined room: hydrocity [chat]
[19:58:51] Joined room: theaphroleague [chat]
[19:58:51] Joined room: mono200 [chat]
[19:58:52] Joined room: thehorizonleague [chat]
[19:58:52] Joined room: titan [chat]
[19:58:53] Joined room: kingdomcome [chat]
[19:58:54] Joined room: apexleague [chat]
[19:58:54] Joined room: x [chat]
[19:58:55] Joined room: zu [chat]
[19:58:56] Joined room: flailsnailcity [chat]
[19:58:56] Joined room: adlc [chat]
[19:58:57] Joined room: roleplay [chat]
[19:58:57] Joined room: designshop [chat]
[19:58:59] Joined room: amitysquare [chat]
[19:58:59] Joined room: thearceusleague [chat]
[19:59:00] Joined room: saveleague [chat]
[19:59:00] Joined room: ulc [chat]
[19:59:01] Joined room: thearbiterleague [chat]
[19:59:02] Joined room: theinquisitionleague [chat]
[19:59:03] Joined room: vgc [chat]
[19:59:03] Joined room: thereverseleague [chat]
[19:59:04] Joined room: thebasement [chat]
[19:59:05] Joined room: pescentral [chat]
[19:59:06] Joined room: theetherealleague [chat]
[19:59:06] Joined room: shivayleague [chat]
[19:59:07] Joined room: theambientleague [chat]
[19:59:07] Joined room: thenoxiousleague [chat]
[19:59:08] Joined room: starpowerleague [chat]
[19:59:09] Joined room: theabsolhiddenmountainleague [chat]
[19:59:09] Joined room: infinitesinnohdraftleague [chat]
[19:59:10] Joined room: thedazzlingleague [chat]
[19:59:10] Joined room: theghostleague [chat]
[19:59:11] Joined room: azuremons [chat]
[19:59:12] Joined room: pikachuvalley [chat]
[19:59:12] Joined room: theninjaleague [chat]
[19:59:13] Joined room: gangcentral [chat]
[19:59:14] Joined room: thewolfpackleague [chat]
[19:59:15] Joined room: rainbow [chat]
[19:59:15] Joined room: themercenaryleague [chat]
[19:59:16] Joined room: thecelestialleague [chat]
[19:59:17] Joined room: paradisepalms [chat]
[19:59:17] Joined room: codersheaven [chat]
[19:59:18] Joined room: neptune [chat]
[19:59:19] Joined room: firebarsleague [chat]
[19:59:19] Joined room: thecolosseum [chat]
[19:59:20] Joined room: yugioh [chat]
[19:59:20] Joined room: themajesticleague [chat]
[19:59:21] Joined room: therainbowleague [chat]
[20:02:38] Connected to server oppai.azure.lol:80 (azure)
[20:02:38] Bot nickname has changed to: Guest 9385 [guest]
[20:02:44] Bot nickname has changed to: Shivay Bot
[20:02:45] Joined room: lobby [chat]
[20:02:46] Joined room: marketplace [chat]
[20:02:47] Joined room: monotype [chat]
[20:02:47] Joined room: 1v1 [chat]
[20:02:48] Joined room: leaguecentral [chat]
[20:02:49] Joined room: casino [chat]
[20:02:50] Joined room: tournaments [chat]
[20:02:50] Joined room: help [chat]
[20:02:51] Joined room: hydrocity [chat]
[20:02:52] Joined room: theaphroleague [chat]
[20:02:52] Joined room: mono200 [chat]
[20:02:53] Joined room: thehorizonleague [chat]
[20:02:53] Joined room: titan [chat]
[20:02:54] Joined room: kingdomcome [chat]
[20:02:55] Joined room: apexleague [chat]
[20:02:56] Joined room: x [chat]
[20:02:56] Joined room: zu [chat]
[20:02:57] Joined room: flailsnailcity [chat]
[20:02:57] Joined room: adlc [chat]
[20:02:58] Joined room: roleplay [chat]
[20:02:59] Joined room: designshop [chat]
[20:02:59] Joined room: amitysquare [chat]
[20:03:00] Joined room: thearceusleague [chat]
[20:03:01] Joined room: saveleague [chat]
[20:03:02] Joined room: ulc [chat]
[20:03:03] Joined room: thearbiterleague [chat]
[20:03:03] Joined room: theinquisitionleague [chat]
[20:03:04] Joined room: vgc [chat]
[20:03:04] Joined room: thereverseleague [chat]
[20:03:05] Joined room: thebasement [chat]
[20:03:06] Joined room: pescentral [chat]
[20:03:07] Joined room: theetherealleague [chat]
[20:03:08] Joined room: shivayleague [chat]
[20:03:08] Joined room: theambientleague [chat]
[20:03:09] Joined room: thenoxiousleague [chat]
[20:03:10] Joined room: starpowerleague [chat]
[20:03:10] Joined room: theabsolhiddenmountainleague [chat]
[20:03:11] Joined room: infinitesinnohdraftleague [chat]
[20:03:11] Joined room: thedazzlingleague [chat]
[20:03:12] Joined room: theghostleague [chat]
[20:03:13] Joined room: azuremons [chat]
[20:03:13] Joined room: pikachuvalley [chat]
[20:03:14] Joined room: theninjaleague [chat]
[20:03:14] Joined room: gangcentral [chat]
[20:03:15] Joined room: thewolfpackleague [chat]
[20:03:16] Joined room: rainbow [chat]
[20:03:16] Joined room: themercenaryleague [chat]
[20:03:17] Joined room: thecelestialleague [chat]
[20:03:17] Joined room: paradisepalms [chat]
[20:03:18] Joined room: codersheaven [chat]
[20:03:19] Joined room: neptune [chat]
[20:03:20] Joined room: firebarsleague [chat]
[20:03:20] Joined room: thecolosseum [chat]
[20:03:21] Joined room: yugioh [chat]
[20:03:22] Joined room: themajesticleague [chat]
[20:03:22] Joined room: therainbowleague [chat]
[20:05:46] Left room: thereverseleague [chat]
[20:15:14] Connected to server oppai.azure.lol:80 (azure)
[20:15:14] Bot nickname has changed to: Guest 9409 [guest]
[20:15:20] Bot nickname has changed to: Shivay Bot
[20:15:21] Joined room: lobby [chat]
[20:15:22] Joined room: marketplace [chat]
[20:15:23] Joined room: monotype [chat]
[20:15:23] Joined room: 1v1 [chat]
[20:15:23] Joined room: leaguecentral [chat]
[20:15:24] Joined room: casino [chat]
[20:15:25] Joined room: tournaments [chat]
[20:15:25] Joined room: help [chat]
[20:15:26] Joined room: hydrocity [chat]
[20:15:27] Joined room: theaphroleague [chat]
[20:15:28] Joined room: mono200 [chat]
[20:15:29] Joined room: thehorizonleague [chat]
[20:15:30] Joined room: titan [chat]
[20:15:30] Joined room: kingdomcome [chat]
[20:15:31] Joined room: apexleague [chat]
[20:15:32] Joined room: x [chat]
[20:15:32] Joined room: zu [chat]
[20:15:33] Joined room: flailsnailcity [chat]
[20:15:33] Joined room: adlc [chat]
[20:15:34] Joined room: roleplay [chat]
[20:15:35] Joined room: designshop [chat]
[20:15:35] Joined room: amitysquare [chat]
[20:15:36] Joined room: thearceusleague [chat]
[20:15:37] Joined room: saveleague [chat]
[20:15:37] Joined room: ulc [chat]
[20:15:38] Joined room: thearbiterleague [chat]
[20:15:40] Joined room: theinquisitionleague [chat]
[20:15:40] Joined room: vgc [chat]
[20:15:41] Joined room: thereverseleague [chat]
[20:15:42] Joined room: thebasement [chat]
[20:15:42] Joined room: pescentral [chat]
[20:15:43] Joined room: theetherealleague [chat]
[20:15:43] Joined room: shivayleague [chat]
[20:15:44] Joined room: theambientleague [chat]
[20:15:45] Joined room: thenoxiousleague [chat]
[20:15:45] Joined room: starpowerleague [chat]
[20:15:46] Joined room: theabsolhiddenmountainleague [chat]
[20:15:46] Joined room: infinitesinnohdraftleague [chat]
[20:15:47] Joined room: thedazzlingleague [chat]
[20:15:48] Joined room: theghostleague [chat]
[20:15:48] Joined room: azuremons [chat]
[20:15:49] Joined room: pikachuvalley [chat]
[20:15:49] Joined room: theninjaleague [chat]
[20:15:50] Joined room: gangcentral [chat]
[20:15:51] Joined room: thewolfpackleague [chat]
[20:15:51] Joined room: rainbow [chat]
[20:15:52] Joined room: themercenaryleague [chat]
[20:15:52] Joined room: thecelestialleague [chat]
[20:15:53] Joined room: paradisepalms [chat]
[20:15:54] Joined room: codersheaven [chat]
[20:15:54] Joined room: neptune [chat]
[20:15:55] Joined room: firebarsleague [chat]
[20:15:55] Joined room: thecolosseum [chat]
[20:15:56] Joined room: yugioh [chat]
[20:15:58] Joined room: themajesticleague [chat]
[20:15:59] Joined room: therainbowleague [chat]
[20:31:02] Connected to server oppai.azure.lol:80 (azure)
[20:31:02] Bot nickname has changed to: Guest 9435 [guest]
[20:31:08] Bot nickname has changed to: Shivay Bot
[20:31:09] Joined room: lobby [chat]
[20:31:09] Joined room: marketplace [chat]
[20:31:10] Joined room: monotype [chat]
[20:31:11] Joined room: 1v1 [chat]
[20:31:11] Joined room: leaguecentral [chat]
[20:31:12] Joined room: casino [chat]
[20:31:13] Joined room: tournaments [chat]
[20:31:13] Joined room: help [chat]
[20:31:14] Joined room: hydrocity [chat]
[20:31:15] Joined room: theaphroleague [chat]
[20:31:15] Joined room: mono200 [chat]
[20:31:16] Joined room: thehorizonleague [chat]
[20:31:17] Joined room: titan [chat]
[20:31:17] Joined room: kingdomcome [chat]
[20:31:19] Joined room: apexleague [chat]
[20:31:19] Joined room: x [chat]
[20:31:19] Joined room: zu [chat]
[20:31:20] Joined room: flailsnailcity [chat]
[20:31:21] Joined room: adlc [chat]
[20:31:21] Joined room: roleplay [chat]
[20:31:22] Joined room: designshop [chat]
[20:31:23] Joined room: amitysquare [chat]
[20:31:23] Joined room: thearceusleague [chat]
[20:31:24] Joined room: saveleague [chat]
[20:31:25] Joined room: ulc [chat]
[20:31:27] Joined room: thearbiterleague [chat]
[20:31:28] Joined room: theinquisitionleague [chat]
[20:31:28] Joined room: vgc [chat]
[20:31:29] Joined room: thereverseleague [chat]
[20:31:30] Joined room: thebasement [chat]
[20:31:30] Joined room: pescentral [chat]
[20:31:31] Joined room: theetherealleague [chat]
[20:31:31] Joined room: shivayleague [chat]
[20:31:32] Joined room: theambientleague [chat]
[20:31:33] Joined room: thenoxiousleague [chat]
[20:31:33] Joined room: starpowerleague [chat]
[20:31:34] Joined room: theabsolhiddenmountainleague [chat]
[20:31:35] Joined room: infinitesinnohdraftleague [chat]
[20:31:35] Joined room: thedazzlingleague [chat]
[20:31:36] Joined room: theghostleague [chat]
[20:31:36] Joined room: azuremons [chat]
[20:31:37] Joined room: pikachuvalley [chat]
[20:31:38] Joined room: theninjaleague [chat]
[20:31:38] Joined room: gangcentral [chat]
[20:31:39] Joined room: thewolfpackleague [chat]
[20:31:39] Joined room: rainbow [chat]
[20:31:40] Joined room: themercenaryleague [chat]
[20:31:41] Joined room: thecelestialleague [chat]
[20:31:41] Joined room: paradisepalms [chat]
[20:31:42] Joined room: codersheaven [chat]
[20:31:42] Joined room: neptune [chat]
[20:31:43] Joined room: firebarsleague [chat]
[20:31:44] Joined room: thecolosseum [chat]
[20:31:44] Joined room: yugioh [chat]
[20:31:45] Joined room: themajesticleague [chat]
[20:31:45] Joined room: therainbowleague [chat]
[20:36:51] Connected to server oppai.azure.lol:80 (azure)
[20:36:51] Bot nickname has changed to: Guest 9446 [guest]
[20:36:58] Bot nickname has changed to: Shivay Bot
[20:39:35] Connected to server oppai.azure.lol:80 (azure)
[20:39:35] Bot nickname has changed to: Guest 9450 [guest]
[20:39:45] Bot nickname has changed to: Shivay Bot
[20:39:50] Joined room: lobby [chat]
[20:39:50] Joined room: marketplace [chat]
[20:39:50] Joined room: monotype [chat]
[20:39:50] Joined room: 1v1 [chat]
[20:39:51] Joined room: leaguecentral [chat]
[20:39:51] Joined room: casino [chat]
[20:39:52] Joined room: tournaments [chat]
[20:39:52] Joined room: help [chat]
[20:39:53] Joined room: hydrocity [chat]
[20:39:54] Joined room: theaphroleague [chat]
[20:39:54] Joined room: mono200 [chat]
[20:39:55] Joined room: thehorizonleague [chat]
[20:39:55] Joined room: titan [chat]
[20:39:56] Joined room: kingdomcome [chat]
[20:39:57] Joined room: apexleague [chat]
[20:39:57] Joined room: x [chat]
[20:39:58] Joined room: zu [chat]
[20:39:58] Joined room: flailsnailcity [chat]
[20:39:59] Joined room: adlc [chat]
[20:40:00] Joined room: roleplay [chat]
[20:40:00] Joined room: designshop [chat]
[20:40:01] Joined room: amitysquare [chat]
[20:40:01] Joined room: thearceusleague [chat]
[20:40:02] Joined room: saveleague [chat]
[20:40:04] Joined room: ulc [chat]
[20:40:04] Joined room: thearbiterleague [chat]
[20:40:05] Joined room: theinquisitionleague [chat]
[20:40:05] Joined room: vgc [chat]
[20:40:06] Joined room: thereverseleague [chat]
[20:40:07] Joined room: thebasement [chat]
[20:40:07] Joined room: pescentral [chat]
[20:40:08] Joined room: theetherealleague [chat]
[20:40:09] Joined room: shivayleague [chat]
[20:40:10] Joined room: theambientleague [chat]
[20:40:10] Joined room: thenoxiousleague [chat]
[20:40:11] Joined room: starpowerleague [chat]
[20:40:12] Joined room: theabsolhiddenmountainleague [chat]
[20:40:12] Joined room: infinitesinnohdraftleague [chat]
[20:40:13] Joined room: thedazzlingleague [chat]
[20:40:13] Joined room: theghostleague [chat]
[20:40:14] Joined room: azuremons [chat]
[20:40:15] Joined room: pikachuvalley [chat]
[20:40:15] Joined room: theninjaleague [chat]
[20:40:16] Joined room: gangcentral [chat]
[20:40:17] Joined room: thewolfpackleague [chat]
[20:40:18] Joined room: rainbow [chat]
[20:40:18] Joined room: themercenaryleague [chat]
[20:40:19] Joined room: thecelestialleague [chat]
[20:40:20] Joined room: paradisepalms [chat]
[20:40:20] Joined room: codersheaven [chat]
[20:40:21] Joined room: neptune [chat]
[20:40:22] Joined room: firebarsleague [chat]
[20:40:22] Joined room: thecolosseum [chat]
[20:40:23] Joined room: yugioh [chat]
[20:40:24] Joined room: themajesticleague [chat]
[20:40:24] Joined room: therainbowleague [chat]
[20:41:19] Connected to server oppai.azure.lol:80 (azure)
[20:41:19] Bot nickname has changed to: Guest 9453 [guest]
[20:41:25] Bot nickname has changed to: Shivay Bot
[20:41:26] Joined room: lobby [chat]
[20:41:26] Joined room: marketplace [chat]
[20:41:27] Joined room: monotype [chat]
[20:41:28] Joined room: 1v1 [chat]
[20:41:28] Joined room: leaguecentral [chat]
[20:41:29] Joined room: casino [chat]
[20:41:29] Joined room: tournaments [chat]
[20:41:30] Joined room: help [chat]
[20:41:31] Joined room: hydrocity [chat]
[20:41:31] Joined room: theaphroleague [chat]
[20:41:32] Joined room: mono200 [chat]
[20:41:33] Joined room: thehorizonleague [chat]
[20:41:33] Joined room: titan [chat]
[20:41:34] Joined room: kingdomcome [chat]
[20:41:35] Joined room: apexleague [chat]
[20:41:35] Joined room: x [chat]
[20:41:36] Joined room: zu [chat]
[20:41:37] Joined room: flailsnailcity [chat]
[20:41:37] Joined room: adlc [chat]
[20:41:38] Joined room: roleplay [chat]
[20:41:39] Joined room: designshop [chat]
[20:41:40] Joined room: amitysquare [chat]
[20:41:41] Joined room: thearceusleague [chat]
[20:41:42] Joined room: saveleague [chat]
[20:41:42] Joined room: ulc [chat]
[20:41:43] Joined room: thearbiterleague [chat]
[20:41:43] Joined room: theinquisitionleague [chat]
[20:41:44] Joined room: vgc [chat]
[20:41:45] Joined room: thereverseleague [chat]
[20:41:46] Joined room: thebasement [chat]
[20:41:48] Joined room: pescentral [chat]
[20:41:50] Joined room: theetherealleague [chat]
[20:41:51] Joined room: shivayleague [chat]
[20:41:51] Joined room: theambientleague [chat]
[20:41:52] Joined room: thenoxiousleague [chat]
[20:41:53] Joined room: starpowerleague [chat]
[20:41:53] Joined room: theabsolhiddenmountainleague [chat]
[20:41:54] Joined room: theghostleague [chat]
[20:41:54] Joined room: azuremons [chat]
[20:41:55] Joined room: theninjaleague [chat]
[20:41:56] Joined room: gangcentral [chat]
[20:41:56] Joined room: thewolfpackleague [chat]
[20:41:57] Joined room: rainbow [chat]
[20:41:57] Joined room: themercenaryleague [chat]
[20:41:58] Joined room: thecelestialleague [chat]
[20:41:59] Joined room: paradisepalms [chat]
[20:41:59] Joined room: codersheaven [chat]
[20:42:00] Joined room: neptune [chat]
[20:42:01] Joined room: firebarsleague [chat]
[20:42:02] Joined room: thecolosseum [chat]
[20:42:02] Joined room: yugioh [chat]
[20:42:03] Joined room: themajesticleague [chat]
[20:42:04] Joined room: therainbowleague [chat]
[20:52:15] Connected to server oppai.azure.lol:80 (azure)
[20:52:15] Bot nickname has changed to: Guest 9467 [guest]
[20:52:22] Bot nickname has changed to: Shivay Bot
[20:52:25] Joined room: lobby [chat]
[20:52:25] Joined room: marketplace [chat]
[20:52:25] Joined room: monotype [chat]
[20:52:25] Joined room: 1v1 [chat]
[20:52:26] Joined room: leaguecentral [chat]
[20:52:26] Joined room: casino [chat]
[20:52:27] Joined room: tournaments [chat]
[20:52:28] Joined room: help [chat]
[20:52:29] Joined room: hydrocity [chat]
[20:52:30] Joined room: theaphroleague [chat]
[20:52:30] Joined room: mono200 [chat]
[20:52:31] Joined room: thehorizonleague [chat]
[20:52:32] Joined room: titan [chat]
[20:52:32] Joined room: kingdomcome [chat]
[20:52:33] Joined room: apexleague [chat]
[20:52:33] Joined room: x [chat]
[20:52:34] Joined room: zu [chat]
[20:52:35] Joined room: flailsnailcity [chat]
[20:52:35] Joined room: adlc [chat]
[20:52:36] Joined room: roleplay [chat]
[20:52:37] Joined room: designshop [chat]
[20:52:37] Joined room: amitysquare [chat]
[20:52:38] Joined room: thearceusleague [chat]
[20:52:38] Joined room: saveleague [chat]
[20:52:39] Joined room: ulc [chat]
[20:52:39] Joined room: thearbiterleague [chat]
[20:52:40] Joined room: theinquisitionleague [chat]
[20:52:41] Joined room: vgc [chat]
[20:52:41] Joined room: thereverseleague [chat]
[20:52:42] Joined room: thebasement [chat]
[20:52:44] Joined room: pescentral [chat]
[20:52:44] Joined room: theetherealleague [chat]
[20:52:45] Joined room: shivayleague [chat]
[20:52:46] Joined room: theambientleague [chat]
[20:52:46] Joined room: thenoxiousleague [chat]
[20:52:47] Joined room: starpowerleague [chat]
[20:52:47] Joined room: theabsolhiddenmountainleague [chat]
[20:52:48] Joined room: infinitesinnohdraftleague [chat]
[20:52:49] Joined room: thedazzlingleague [chat]
[20:52:49] Joined room: theghostleague [chat]
[20:52:50] Joined room: azuremons [chat]
[20:52:50] Joined room: pikachuvalley [chat]
[20:52:52] Joined room: theninjaleague [chat]
[20:52:52] Joined room: gangcentral [chat]
[20:52:53] Joined room: thewolfpackleague [chat]
[20:52:53] Joined room: rainbow [chat]
[20:52:54] Joined room: themercenaryleague [chat]
[20:52:55] Joined room: thecelestialleague [chat]
[20:52:56] Joined room: paradisepalms [chat]
[20:52:56] Joined room: codersheaven [chat]
[20:52:57] Joined room: neptune [chat]
[20:52:57] Joined room: firebarsleague [chat]
[20:52:58] Joined room: thecolosseum [chat]
[20:52:59] Joined room: yugioh [chat]
[20:53:00] Joined room: themajesticleague [chat]
[20:53:00] Joined room: therainbowleague [chat]
[21:01:39] Left room: pikachuvalley [chat]
[21:02:20] Left room: yugioh [chat]
[21:02:52] Left room: theetherealleague [chat]
[21:05:12] Left room: theinquisitionleague [chat]
[21:11:57] Connected to server oppai.azure.lol:80 (azure)
[21:11:57] Bot nickname has changed to: Guest 9497 [guest]
[21:12:03] Bot nickname has changed to: Shivay Bot
[21:12:04] Joined room: lobby [chat]
[21:12:05] Joined room: marketplace [chat]
[21:12:05] Joined room: monotype [chat]
[21:12:06] Joined room: 1v1 [chat]
[21:12:07] Joined room: leaguecentral [chat]
[21:12:08] Joined room: casino [chat]
[21:12:08] Joined room: tournaments [chat]
[21:12:09] Joined room: help [chat]
[21:12:09] Joined room: hydrocity [chat]
[21:12:10] Joined room: theaphroleague [chat]
[21:12:12] Joined room: mono200 [chat]
[21:12:12] Joined room: thehorizonleague [chat]
[21:12:12] Joined room: titan [chat]
[21:12:13] Joined room: kingdomcome [chat]
[21:12:13] Joined room: apexleague [chat]
[21:12:14] Joined room: x [chat]
[21:12:15] Joined room: zu [chat]
[21:12:15] Joined room: flailsnailcity [chat]
[21:12:16] Joined room: adlc [chat]
[21:12:16] Joined room: roleplay [chat]
[21:12:17] Joined room: designshop [chat]
[21:12:18] Joined room: amitysquare [chat]
[21:12:19] Joined room: thearceusleague [chat]
[21:12:20] Joined room: saveleague [chat]
[21:12:20] Joined room: ulc [chat]
[21:12:21] Joined room: thearbiterleague [chat]
[21:12:21] Joined room: theinquisitionleague [chat]
[21:12:22] Joined room: vgc [chat]
[21:12:23] Joined room: thereverseleague [chat]
[21:12:24] Joined room: thebasement [chat]
[21:12:25] Joined room: pescentral [chat]
[21:12:25] Joined room: theetherealleague [chat]
[21:12:26] Joined room: shivayleague [chat]
[21:12:26] Joined room: theambientleague [chat]
[21:12:27] Joined room: thenoxiousleague [chat]
[21:12:28] Joined room: starpowerleague [chat]
[21:12:29] Joined room: theabsolhiddenmountainleague [chat]
[21:12:29] Joined room: infinitesinnohdraftleague [chat]
[21:12:29] Joined room: thedazzlingleague [chat]
[21:12:30] Joined room: theghostleague [chat]
[21:12:31] Joined room: azuremons [chat]
[21:12:31] Joined room: pikachuvalley [chat]
[21:12:33] Joined room: theninjaleague [chat]
[21:12:33] Joined room: gangcentral [chat]
[21:12:34] Joined room: thewolfpackleague [chat]
[21:12:34] Joined room: rainbow [chat]
[21:12:35] Joined room: themercenaryleague [chat]
[21:12:36] Joined room: thecelestialleague [chat]
[21:12:37] Joined room: paradisepalms [chat]
[21:12:38] Joined room: codersheaven [chat]
[21:12:39] Joined room: neptune [chat]
[21:12:39] Joined room: firebarsleague [chat]
[21:12:39] Left room: pikachuvalley [chat]
[21:12:40] Joined room: thecolosseum [chat]
[21:12:40] Joined room: yugioh [chat]
[21:12:41] Joined room: themajesticleague [chat]
[21:12:42] Joined room: therainbowleague [chat]
[21:13:37] Connected to server oppai.azure.lol:80 (azure)
[21:13:37] Bot nickname has changed to: Guest 9500 [guest]
[21:13:44] Bot nickname has changed to: Shivay Bot
[21:13:45] Joined room: lobby [chat]
[21:13:45] Joined room: marketplace [chat]
[21:13:46] Joined room: monotype [chat]
[21:13:49] Joined room: 1v1 [chat]
[21:13:49] Joined room: leaguecentral [chat]
[21:13:51] Joined room: casino [chat]
[21:13:53] Joined room: tournaments [chat]
[21:13:53] Joined room: help [chat]
[21:13:53] Joined room: hydrocity [chat]
[21:13:54] Joined room: theaphroleague [chat]
[21:13:54] Joined room: mono200 [chat]
[21:13:55] Joined room: titan [chat]
[21:13:56] Joined room: kingdomcome [chat]
[21:13:56] Joined room: x [chat]
[21:13:57] Joined room: zu [chat]
[21:13:58] Joined room: adlc [chat]
[21:13:58] Joined room: roleplay [chat]
[21:13:59] Joined room: designshop [chat]
[21:14:00] Joined room: amitysquare [chat]
[21:14:00] Joined room: thearceusleague [chat]
[21:14:01] Joined room: saveleague [chat]
[21:14:02] Joined room: ulc [chat]
[21:14:03] Joined room: thearbiterleague [chat]
[21:14:03] Joined room: theinquisitionleague [chat]
[21:14:04] Joined room: vgc [chat]
[21:14:04] Joined room: thereverseleague [chat]
[21:14:05] Joined room: thebasement [chat]
[21:14:06] Joined room: pescentral [chat]
[21:14:06] Joined room: theetherealleague [chat]
[21:14:07] Joined room: shivayleague [chat]
[21:14:07] Joined room: theambientleague [chat]
[21:14:08] Joined room: thenoxiousleague [chat]
[21:14:09] Joined room: starpowerleague [chat]
[21:14:09] Joined room: theabsolhiddenmountainleague [chat]
[21:14:10] Joined room: infinitesinnohdraftleague [chat]
[21:14:11] Joined room: thedazzlingleague [chat]
[21:14:11] Joined room: theghostleague [chat]
[21:14:12] Joined room: azuremons [chat]
[21:14:12] Could not join pikachuvalley: [joinfailed] You are banned from the room "pikachuvalley".
[21:14:13] Joined room: theninjaleague [chat]
[21:14:13] Joined room: gangcentral [chat]
[21:14:14] Joined room: thewolfpackleague [chat]
[21:14:15] Joined room: rainbow [chat]
[21:14:16] Joined room: themercenaryleague [chat]
[21:14:17] Joined room: thecelestialleague [chat]
[21:14:17] Joined room: paradisepalms [chat]
[21:14:18] Joined room: codersheaven [chat]
[21:14:18] Joined room: neptune [chat]
[21:14:19] Joined room: firebarsleague [chat]
[21:14:19] Joined room: thecolosseum [chat]
[21:14:20] Joined room: yugioh [chat]
[21:14:21] Joined room: themajesticleague [chat]
[21:14:21] Joined room: therainbowleague [chat]
[21:17:30] Left room: neptune [chat]
[21:18:48] Left room: theetherealleague [chat]
[21:18:59] Left room: yugioh [chat]
